{"logTime": "0322/162520", "correlationVector":"","action":"Microsoft.Sync.State.UserActionableError.30Sec", "result":"Error:7"}
{"logTime": "0322/162520", "correlationVector":"","action":"Microsoft.Sync.State.Sign.In.UserActionableError.30Sec", "result":"Error:7"}
{"logTime": "0322/162550", "correlationVector":"","action":"Microsoft.Sync.State.UserActionableError.1Min", "result":"Error:7"}
{"logTime": "0322/162550", "correlationVector":"","action":"Microsoft.Sync.State.Sign.In.UserActionableError.1Min", "result":"Error:7"}
{"logTime": "0322/162805", "correlationVector":"","action":"Microsoft.Sync.State.UserActionableError.30Sec", "result":"Error:7"}
{"logTime": "0322/162805", "correlationVector":"","action":"Microsoft.Sync.State.Existing.UserActionableError.30Sec", "result":"Error:7"}
{"logTime": "0322/162835", "correlationVector":"","action":"Microsoft.Sync.State.UserActionableError.1Min", "result":"Error:7"}
{"logTime": "0322/162835", "correlationVector":"","action":"Microsoft.Sync.State.Existing.UserActionableError.1Min", "result":"Error:7"}
{"logTime": "0322/163007", "correlationVector":"","action":"Microsoft.Sync.State.UserActionableError.30Sec", "result":"Error:7"}
{"logTime": "0322/163007", "correlationVector":"","action":"Microsoft.Sync.State.Sign.In.UserActionableError.30Sec", "result":"Error:7"}
{"logTime": "0322/163037", "correlationVector":"","action":"Microsoft.Sync.State.UserActionableError.1Min", "result":"Error:7"}
{"logTime": "0322/163037", "correlationVector":"","action":"Microsoft.Sync.State.Sign.In.UserActionableError.1Min", "result":"Error:7"}
{"logTime": "0322/163137", "correlationVector":"","action":"Microsoft.Sync.State.UserActionableError.2Min", "result":"Error:7"}
{"logTime": "0322/163137", "correlationVector":"","action":"Microsoft.Sync.State.Sign.In.UserActionableError.2Min", "result":"Error:7"}
{"logTime": "0322/163437", "correlationVector":"","action":"Microsoft.Sync.State.UserActionableError.5Min", "result":"Error:7"}
{"logTime": "0322/163437", "correlationVector":"","action":"Microsoft.Sync.State.Sign.In.UserActionableError.5Min", "result":"Error:7"}
{"logTime": "0322/163714", "correlationVector":"","action":"Microsoft.Sync.State.UserActionableError.30Sec", "result":"Error:7"}
{"logTime": "0322/163714", "correlationVector":"","action":"Microsoft.Sync.State.Existing.UserActionableError.30Sec", "result":"Error:7"}
{"logTime": "0322/163744", "correlationVector":"","action":"Microsoft.Sync.State.UserActionableError.1Min", "result":"Error:7"}
{"logTime": "0322/163744", "correlationVector":"","action":"Microsoft.Sync.State.Existing.UserActionableError.1Min", "result":"Error:7"}
{"logTime": "0322/163844", "correlationVector":"","action":"Microsoft.Sync.State.UserActionableError.2Min", "result":"Error:7"}
{"logTime": "0322/163844", "correlationVector":"","action":"Microsoft.Sync.State.Existing.UserActionableError.2Min", "result":"Error:7"}
{"logTime": "0322/164922", "correlationVector":"","action":"Microsoft.Sync.State.UserActionableError.30Sec", "result":"Error:7"}
{"logTime": "0322/164922", "correlationVector":"","action":"Microsoft.Sync.State.Sign.In.UserActionableError.30Sec", "result":"Error:7"}
{"logTime": "0322/164952", "correlationVector":"","action":"Microsoft.Sync.State.UserActionableError.1Min", "result":"Error:7"}
{"logTime": "0322/164952", "correlationVector":"","action":"Microsoft.Sync.State.Sign.In.UserActionableError.1Min", "result":"Error:7"}
{"logTime": "0322/165052", "correlationVector":"","action":"Microsoft.Sync.State.UserActionableError.2Min", "result":"Error:7"}
{"logTime": "0322/165052", "correlationVector":"","action":"Microsoft.Sync.State.Sign.In.UserActionableError.2Min", "result":"Error:7"}
{"logTime": "0322/165735", "correlationVector":"","action":"Microsoft.Sync.State.UserActionableError.30Sec", "result":"Error:7"}
{"logTime": "0322/165735", "correlationVector":"","action":"Microsoft.Sync.State.Existing.UserActionableError.30Sec", "result":"Error:7"}
{"logTime": "0322/165805", "correlationVector":"","action":"Microsoft.Sync.State.UserActionableError.1Min", "result":"Error:7"}
{"logTime": "0322/165805", "correlationVector":"","action":"Microsoft.Sync.State.Existing.UserActionableError.1Min", "result":"Error:7"}
{"logTime": "0322/165905", "correlationVector":"","action":"Microsoft.Sync.State.UserActionableError.2Min", "result":"Error:7"}
{"logTime": "0322/165905", "correlationVector":"","action":"Microsoft.Sync.State.Existing.UserActionableError.2Min", "result":"Error:7"}
{"logTime": "0322/170205", "correlationVector":"","action":"Microsoft.Sync.State.UserActionableError.5Min", "result":"Error:7"}
{"logTime": "0322/170205", "correlationVector":"","action":"Microsoft.Sync.State.Existing.UserActionableError.5Min", "result":"Error:7"}
