2026-03-22 16:24:43.070: [INFO][Sync] Reset engine, reason: 8
2026-03-22 16:24:43.070: [INFO][Sync] Stopped: Bookmarks
2026-03-22 16:24:43.070: [INFO][Sync] Stopped: Preferences
2026-03-22 16:24:43.070: [INFO][Sync] Stopped: Passwords
2026-03-22 16:24:43.070: [INFO][Sync] Stopped: Autofill Profiles
2026-03-22 16:24:43.070: [INFO][Sync] Stopped: Autofill
2026-03-22 16:24:43.070: [INFO][Sync] Stopped: Extensions
2026-03-22 16:24:43.070: [INFO][Sync] Stopped: Sessions
2026-03-22 16:24:43.070: [INFO][Sync] Stopped: Extension settings
2026-03-22 16:24:43.070: [INFO][Sync] Stopped: History Delete Directives
2026-03-22 16:24:43.070: [INFO][Sync] Stopped: Device Info
2026-03-22 16:24:43.070: [INFO][Sync] Stopped: User Consents
2026-03-22 16:24:43.070: [INFO][Sync] Stopped: Send Tab To Self
2026-03-22 16:24:43.070: [INFO][Sync] Stopped: Web Apps
2026-03-22 16:24:43.070: [INFO][Sync] Stopped: History
2026-03-22 16:24:43.070: [INFO][Sync] Stopped: Saved Tab Group
2026-03-22 16:24:43.070: [INFO][Sync] Stopped: WebAuthn Credentials
2026-03-22 16:24:43.070: [INFO][Sync] Stopped: Collection
2026-03-22 16:24:43.070: [INFO][Sync] Stopped: Edge E Drop
2026-03-22 16:24:43.070: [INFO][Sync] Stopped: Edge Hub App Usage
2026-03-22 16:24:43.070: [INFO][Sync] Stopped: Edge Wallet
2026-03-22 16:24:43.070: [INFO][Sync] Stopped: Edge Workspace
2026-03-22 16:24:43.070: [INFO][Sync] SyncState after authenticated was: NotSignedIn
2026-03-22 16:24:43.501: [INFO][Sync] Reset engine, reason: 8
2026-03-22 16:24:43.501: [INFO][Sync] Stopped: Bookmarks
2026-03-22 16:24:43.501: [INFO][Sync] Stopped: Preferences
2026-03-22 16:24:43.501: [INFO][Sync] Stopped: Passwords
2026-03-22 16:24:43.501: [INFO][Sync] Stopped: Autofill Profiles
2026-03-22 16:24:43.501: [INFO][Sync] Stopped: Autofill
2026-03-22 16:24:43.501: [INFO][Sync] Stopped: Extensions
2026-03-22 16:24:43.502: [INFO][Sync] Stopped: Sessions
2026-03-22 16:24:43.502: [INFO][Sync] Stopped: Extension settings
2026-03-22 16:24:43.502: [INFO][Sync] Stopped: History Delete Directives
2026-03-22 16:24:43.502: [INFO][Sync] Stopped: Device Info
2026-03-22 16:24:43.502: [INFO][Sync] Stopped: User Consents
2026-03-22 16:24:43.502: [INFO][Sync] Stopped: Send Tab To Self
2026-03-22 16:24:43.502: [INFO][Sync] Stopped: Web Apps
2026-03-22 16:24:43.502: [INFO][Sync] Stopped: History
2026-03-22 16:24:43.502: [INFO][Sync] Stopped: Saved Tab Group
2026-03-22 16:24:43.502: [INFO][Sync] Stopped: WebAuthn Credentials
2026-03-22 16:24:43.502: [INFO][Sync] Stopped: Collection
2026-03-22 16:24:43.502: [INFO][Sync] Stopped: Edge E Drop
2026-03-22 16:24:43.502: [INFO][Sync] Stopped: Edge Hub App Usage
2026-03-22 16:24:43.502: [INFO][Sync] Stopped: Edge Wallet
2026-03-22 16:24:43.502: [INFO][Sync] Stopped: Edge Workspace
2026-03-22 16:26:01.264: [INFO][Sync] Reset engine, reason: 0
2026-03-22 16:27:35.686: [INFO][Sync] SyncState after authenticated was: FeatureNotSetup
2026-03-22 16:28:46.980: [INFO][Sync] Reset engine, reason: 0
2026-03-22 16:29:33.503: [INFO][Sync] Reset engine, reason: 8
2026-03-22 16:29:33.503: [INFO][Sync] Stopped: Bookmarks
2026-03-22 16:29:33.503: [INFO][Sync] Stopped: Preferences
2026-03-22 16:29:33.503: [INFO][Sync] Stopped: Passwords
2026-03-22 16:29:33.503: [INFO][Sync] Stopped: Autofill Profiles
2026-03-22 16:29:33.503: [INFO][Sync] Stopped: Autofill
2026-03-22 16:29:33.503: [INFO][Sync] Stopped: Extensions
2026-03-22 16:29:33.503: [INFO][Sync] Stopped: Sessions
2026-03-22 16:29:33.503: [INFO][Sync] Stopped: Extension settings
2026-03-22 16:29:33.503: [INFO][Sync] Stopped: History Delete Directives
2026-03-22 16:29:33.503: [INFO][Sync] Stopped: Device Info
2026-03-22 16:29:33.503: [INFO][Sync] Stopped: User Consents
2026-03-22 16:29:33.503: [INFO][Sync] Stopped: Send Tab To Self
2026-03-22 16:29:33.503: [INFO][Sync] Stopped: Web Apps
2026-03-22 16:29:33.503: [INFO][Sync] Stopped: History
2026-03-22 16:29:33.503: [INFO][Sync] Stopped: Saved Tab Group
2026-03-22 16:29:33.503: [INFO][Sync] Stopped: WebAuthn Credentials
2026-03-22 16:29:33.503: [INFO][Sync] Stopped: Collection
2026-03-22 16:29:33.503: [INFO][Sync] Stopped: Edge E Drop
2026-03-22 16:29:33.503: [INFO][Sync] Stopped: Edge Hub App Usage
2026-03-22 16:29:33.503: [INFO][Sync] Stopped: Edge Wallet
2026-03-22 16:29:33.503: [INFO][Sync] Stopped: Edge Workspace
2026-03-22 16:29:33.503: [INFO][Sync] SyncState after authenticated was: NotSignedIn
2026-03-22 16:29:33.879: [INFO][Sync] Reset engine, reason: 8
2026-03-22 16:29:33.879: [INFO][Sync] Stopped: Bookmarks
2026-03-22 16:29:33.879: [INFO][Sync] Stopped: Preferences
2026-03-22 16:29:33.879: [INFO][Sync] Stopped: Passwords
2026-03-22 16:29:33.879: [INFO][Sync] Stopped: Autofill Profiles
2026-03-22 16:29:33.879: [INFO][Sync] Stopped: Autofill
2026-03-22 16:29:33.879: [INFO][Sync] Stopped: Extensions
2026-03-22 16:29:33.879: [INFO][Sync] Stopped: Sessions
2026-03-22 16:29:33.879: [INFO][Sync] Stopped: Extension settings
2026-03-22 16:29:33.879: [INFO][Sync] Stopped: History Delete Directives
2026-03-22 16:29:33.879: [INFO][Sync] Stopped: Device Info
2026-03-22 16:29:33.879: [INFO][Sync] Stopped: User Consents
2026-03-22 16:29:33.879: [INFO][Sync] Stopped: Send Tab To Self
2026-03-22 16:29:33.879: [INFO][Sync] Stopped: Web Apps
2026-03-22 16:29:33.879: [INFO][Sync] Stopped: History
2026-03-22 16:29:33.879: [INFO][Sync] Stopped: Saved Tab Group
2026-03-22 16:29:33.879: [INFO][Sync] Stopped: WebAuthn Credentials
2026-03-22 16:29:33.879: [INFO][Sync] Stopped: Collection
2026-03-22 16:29:33.879: [INFO][Sync] Stopped: Edge E Drop
2026-03-22 16:29:33.879: [INFO][Sync] Stopped: Edge Hub App Usage
2026-03-22 16:29:33.879: [INFO][Sync] Stopped: Edge Wallet
2026-03-22 16:29:33.879: [INFO][Sync] Stopped: Edge Workspace
2026-03-22 16:35:38.557: [INFO][Sync] Reset engine, reason: 0
2026-03-22 16:36:43.982: [INFO][Sync] SyncState after authenticated was: FeatureNotSetup
2026-03-22 16:41:40.982: [INFO][Sync] Reset engine, reason: 0
2026-03-22 16:48:45.573: [INFO][Sync] Reset engine, reason: 8
2026-03-22 16:48:45.573: [INFO][Sync] Stopped: Bookmarks
2026-03-22 16:48:45.573: [INFO][Sync] Stopped: Preferences
2026-03-22 16:48:45.573: [INFO][Sync] Stopped: Passwords
2026-03-22 16:48:45.573: [INFO][Sync] Stopped: Autofill Profiles
2026-03-22 16:48:45.573: [INFO][Sync] Stopped: Autofill
2026-03-22 16:48:45.573: [INFO][Sync] Stopped: Extensions
2026-03-22 16:48:45.573: [INFO][Sync] Stopped: Sessions
2026-03-22 16:48:45.573: [INFO][Sync] Stopped: Extension settings
2026-03-22 16:48:45.573: [INFO][Sync] Stopped: History Delete Directives
2026-03-22 16:48:45.573: [INFO][Sync] Stopped: Device Info
2026-03-22 16:48:45.573: [INFO][Sync] Stopped: User Consents
2026-03-22 16:48:45.573: [INFO][Sync] Stopped: Send Tab To Self
2026-03-22 16:48:45.573: [INFO][Sync] Stopped: Web Apps
2026-03-22 16:48:45.573: [INFO][Sync] Stopped: History
2026-03-22 16:48:45.573: [INFO][Sync] Stopped: Saved Tab Group
2026-03-22 16:48:45.573: [INFO][Sync] Stopped: WebAuthn Credentials
2026-03-22 16:48:45.573: [INFO][Sync] Stopped: Collection
2026-03-22 16:48:45.573: [INFO][Sync] Stopped: Edge E Drop
2026-03-22 16:48:45.573: [INFO][Sync] Stopped: Edge Hub App Usage
2026-03-22 16:48:45.573: [INFO][Sync] Stopped: Edge Wallet
2026-03-22 16:48:45.573: [INFO][Sync] Stopped: Edge Workspace
2026-03-22 16:48:45.573: [INFO][Sync] SyncState after authenticated was: NotSignedIn
2026-03-22 16:48:45.894: [INFO][Sync] Reset engine, reason: 8
2026-03-22 16:48:45.894: [INFO][Sync] Stopped: Bookmarks
2026-03-22 16:48:45.894: [INFO][Sync] Stopped: Preferences
2026-03-22 16:48:45.894: [INFO][Sync] Stopped: Passwords
2026-03-22 16:48:45.894: [INFO][Sync] Stopped: Autofill Profiles
2026-03-22 16:48:45.894: [INFO][Sync] Stopped: Autofill
2026-03-22 16:48:45.894: [INFO][Sync] Stopped: Extensions
2026-03-22 16:48:45.894: [INFO][Sync] Stopped: Sessions
2026-03-22 16:48:45.894: [INFO][Sync] Stopped: Extension settings
2026-03-22 16:48:45.894: [INFO][Sync] Stopped: History Delete Directives
2026-03-22 16:48:45.894: [INFO][Sync] Stopped: Device Info
2026-03-22 16:48:45.894: [INFO][Sync] Stopped: User Consents
2026-03-22 16:48:45.894: [INFO][Sync] Stopped: Send Tab To Self
2026-03-22 16:48:45.894: [INFO][Sync] Stopped: Web Apps
2026-03-22 16:48:45.894: [INFO][Sync] Stopped: History
2026-03-22 16:48:45.894: [INFO][Sync] Stopped: Saved Tab Group
2026-03-22 16:48:45.894: [INFO][Sync] Stopped: WebAuthn Credentials
2026-03-22 16:48:45.894: [INFO][Sync] Stopped: Collection
2026-03-22 16:48:45.894: [INFO][Sync] Stopped: Edge E Drop
2026-03-22 16:48:45.894: [INFO][Sync] Stopped: Edge Hub App Usage
2026-03-22 16:48:45.894: [INFO][Sync] Stopped: Edge Wallet
2026-03-22 16:48:45.894: [INFO][Sync] Stopped: Edge Workspace
2026-03-22 16:51:20.200: [INFO][Sync] Reset engine, reason: 0
2026-03-22 16:57:04.907: [INFO][Sync] SyncState after authenticated was: FeatureNotSetup
2026-03-22 17:02:39.826: [INFO][Sync] Reset engine, reason: 0
